android/android_project_as/junshitoutiao_cmstop/jstt/build/outputs/logs/manifest-merger-release-report.txt
-- Merging decision tree log ---
provider#com.baidu.mobads.openad.FileProvider
INJECTED from src\main\AndroidManifest.xml:363:9-371:20
	android:grantUriPermissions
		ADDED from src\main\AndroidManifest.xml:367:13-47
	android:authorities
		INJECTED from src\main\AndroidManifest.xml
		ADDED from src\main\AndroidManifest.xml:365:13-61
	android:exported
		ADDED from src\main\AndroidManifest.xml:366:13-37
	android:name
		ADDED from src\main\AndroidManifest.xml:364:13-64
manifest
ADDED from src\main\AndroidManifest.xml:2:1-403:12
INJECTED from src\main\AndroidManifest.xml:2:1-403:12
INJECTED from src\main\AndroidManifest.xml:2:1-403:12
INJECTED from src\main\AndroidManifest.xml:2:1-403:12
MERGED from [com.android.support:appcompat-v7:26.0.0-beta1] AndroidManifest.xml:17:1-31:12
MERGED from [com.android.support:recyclerview-v7:26.0.0-beta1] AndroidManifest.xml:17:1-28:12
MERGED from [com.android.support:multidex:1.0.2] AndroidManifest.xml:17:1-22:12
MERGED from [:alicloud-android-feedback-3.1.1:] AndroidManifest.xml:2:1-47:12
MERGED from [:leancloudpush] AndroidManifest.xml:2:1-10:12
MERGED from [:shortcutBadger] AndroidManifest.xml:2:1-46:12
MERGED from [:alicloud_feedback] AndroidManifest.xml:2:1-14:12
MERGED from [:pulltorefresh] AndroidManifest.xml:2:1-13:12
MERGED from [:common] AndroidManifest.xml:2:1-11:12
MERGED from [:tengxun_gdt] AndroidManifest.xml:2:1-34:12
MERGED from [com.android.support:animated-vector-drawable:26.0.0-beta1] AndroidManifest.xml:17:1-28:12
MERGED from [com.android.support:support-vector-drawable:26.0.0-beta1] AndroidManifest.xml:17:1-28:12
MERGED from [:viewpagerlibrary] AndroidManifest.xml:2:1-11:12
MERGED from [com.android.support:support-v4:26.0.0-beta1] AndroidManifest.xml:17:1-31:12
MERGED from [com.android.support:support-fragment:26.0.0-beta1] AndroidManifest.xml:17:1-31:12
MERGED from [com.android.support:support-core-ui:26.0.0-beta1] AndroidManifest.xml:17:1-31:12
MERGED from [com.android.support:support-media-compat:26.0.0-beta1] AndroidManifest.xml:17:1-31:12
MERGED from [com.android.support:support-core-utils:26.0.0-beta1] AndroidManifest.xml:17:1-31:12
MERGED from [com.android.support:support-compat:26.0.0-beta1] AndroidManifest.xml:17:1-31:12
MERGED from [:baidu_mtj_sdk] AndroidManifest.xml:2:1-11:12
MERGED from [:umeng_sdk] AndroidManifest.xml:2:1-11:12
MERGED from [:umeng_share] AndroidManifest.xml:2:1-11:12
INJECTED from src\main\AndroidManifest.xml:2:1-403:12
INJECTED from src\main\AndroidManifest.xml:2:1-403:12
INJECTED from src\main\AndroidManifest.xml:2:1-403:12
	package
		ADDED from src\main\AndroidManifest.xml:4:5-30
		INJECTED from src\main\AndroidManifest.xml
		INJECTED from src\main\AndroidManifest.xml
	android:versionName
		ADDED from src\main\AndroidManifest.xml:7:5-32
		INJECTED from src\main\AndroidManifest.xml
		INJECTED from src\main\AndroidManifest.xml
	xmlns:tools
		ADDED from src\main\AndroidManifest.xml:3:11-57
	xmlns:android
		ADDED from src\main\AndroidManifest.xml:2:11-69
	android:versionCode
		ADDED from src\main\AndroidManifest.xml:6:5-29
		INJECTED from src\main\AndroidManifest.xml
		INJECTED from src\main\AndroidManifest.xml
	android:installLocation
		ADDED from src\main\AndroidManifest.xml:5:5-35
uses-permission#android.permission.ACCESS_NETWORK_STATE
ADDED from src\main\AndroidManifest.xml:9:5-79
MERGED from [:alicloud-android-feedback-3.1.1:] AndroidManifest.xml:12:5-79
MERGED from [:alicloud-android-feedback-3.1.1:] AndroidManifest.xml:12:5-79
MERGED from [:tengxun_gdt] AndroidManifest.xml:13:5-79
MERGED from [:tengxun_gdt] AndroidManifest.xml:13:5-79
	android:name
		ADDED from src\main\AndroidManifest.xml:9:22-76
uses-permission#android.permission.ACCESS_FINE_LOCATION
ADDED from src\main\AndroidManifest.xml:10:5-79
MERGED from [:tengxun_gdt] AndroidManifest.xml:17:5-79
MERGED from [:tengxun_gdt] AndroidManifest.xml:17:5-79
	android:name
		ADDED from src\main\AndroidManifest.xml:10:22-76
uses-permission#android.permission.ACCESS_COARSE_LOCATION
ADDED from src\main\AndroidManifest.xml:11:5-81
MERGED from [:tengxun_gdt] AndroidManifest.xml:16:5-81
MERGED from [:tengxun_gdt] AndroidManifest.xml:16:5-81
	android:name
		ADDED from src\main\AndroidManifest.xml:11:22-78
uses-permission#android.permission.ACCESS_WIFI_STATE
ADDED from src\main\AndroidManifest.xml:12:5-76
MERGED from [:tengxun_gdt] AndroidManifest.xml:14:5-76
MERGED from [:tengxun_gdt] AndroidManifest.xml:14:5-76
	android:name
		ADDED from src\main\AndroidManifest.xml:12:22-73
uses-permission#android.permission.DOWNLOAD_WITHOUT_NOTIFICATION
ADDED from src\main\AndroidManifest.xml:13:5-88
	android:name
		ADDED from src\main\AndroidManifest.xml:13:22-85
uses-permission#android.permission.INTERNET
ADDED from src\main\AndroidManifest.xml:14:5-67
MERGED from [:alicloud-android-feedback-3.1.1:] AndroidManifest.xml:11:5-67
MERGED from [:alicloud-android-feedback-3.1.1:] AndroidManifest.xml:11:5-67
MERGED from [:tengxun_gdt] AndroidManifest.xml:12:5-67
MERGED from [:tengxun_gdt] AndroidManifest.xml:12:5-67
	android:name
		ADDED from src\main\AndroidManifest.xml:14:22-64
uses-permission#android.permission.READ_EXTERNAL_STORAGE
ADDED from src\main\AndroidManifest.xml:15:5-80
MERGED from [:alicloud-android-feedback-3.1.1:] AndroidManifest.xml:14:5-80
MERGED from [:alicloud-android-feedback-3.1.1:] AndroidManifest.xml:14:5-80
	android:name
		ADDED from src\main\AndroidManifest.xml:15:22-77
uses-permission#android.permission.READ_PHONE_STATE
ADDED from src\main\AndroidManifest.xml:16:5-75
MERGED from [:tengxun_gdt] AndroidManifest.xml:15:5-75
MERGED from [:tengxun_gdt] AndroidManifest.xml:15:5-75
	android:name
		ADDED from src\main\AndroidManifest.xml:16:22-72
uses-permission#android.permission.RECEIVE_BOOT_COMPLETED
ADDED from src\main\AndroidManifest.xml:17:5-81
	android:name
		ADDED from src\main\AndroidManifest.xml:17:22-78
uses-permission#android.permission.WAKE_LOCK
ADDED from src\main\AndroidManifest.xml:18:5-68
	android:name
		ADDED from src\main\AndroidManifest.xml:18:22-65
uses-permission#android.permission.WRITE_EXTERNAL_STORAGE
ADDED from src\main\AndroidManifest.xml:19:5-81
MERGED from [:alicloud-android-feedback-3.1.1:] AndroidManifest.xml:13:5-81
MERGED from [:alicloud-android-feedback-3.1.1:] AndroidManifest.xml:13:5-81
MERGED from [:tengxun_gdt] AndroidManifest.xml:18:5-81
MERGED from [:tengxun_gdt] AndroidManifest.xml:18:5-81
	android:name
		ADDED from src\main\AndroidManifest.xml:19:22-78
uses-permission#android.permission.WRITE_SETTINGS
ADDED from src\main\AndroidManifest.xml:20:5-73
MERGED from [:alicloud-android-feedback-3.1.1:] AndroidManifest.xml:16:5-73
MERGED from [:alicloud-android-feedback-3.1.1:] AndroidManifest.xml:16:5-73
	android:name
		ADDED from src\main\AndroidManifest.xml:20:22-70
uses-permission#android.permission.GET_TASKS
ADDED from src\main\AndroidManifest.xml:21:5-68
	android:name
		ADDED from src\main\AndroidManifest.xml:21:22-65
uses-permission#android.permission.RESTART_PACKAGES
ADDED from src\main\AndroidManifest.xml:22:5-75
	android:name
		ADDED from src\main\AndroidManifest.xml:22:22-72
uses-permission#android.permission.BLUETOOTH
ADDED from src\main\AndroidManifest.xml:23:5-68
	android:name
		ADDED from src\main\AndroidManifest.xml:23:22-65
uses-permission#android.permission.READ_SETTINGS
ADDED from src\main\AndroidManifest.xml:24:5-72
	android:name
		ADDED from src\main\AndroidManifest.xml:24:22-69
uses-permission#android.permission.CAMERA
ADDED from src\main\AndroidManifest.xml:25:5-65
MERGED from [:alicloud-android-feedback-3.1.1:] AndroidManifest.xml:15:5-65
MERGED from [:alicloud-android-feedback-3.1.1:] AndroidManifest.xml:15:5-65
	android:name
		ADDED from src\main\AndroidManifest.xml:25:22-62
uses-permission#com.sec.android.provider.badge.permission.READ
ADDED from src\main\AndroidManifest.xml:28:5-86
MERGED from [:shortcutBadger] AndroidManifest.xml:17:5-86
MERGED from [:shortcutBadger] AndroidManifest.xml:17:5-86
	android:name
		ADDED from src\main\AndroidManifest.xml:28:22-83
uses-permission#com.sec.android.provider.badge.permission.WRITE
ADDED from src\main\AndroidManifest.xml:29:5-87
MERGED from [:shortcutBadger] AndroidManifest.xml:18:5-87
MERGED from [:shortcutBadger] AndroidManifest.xml:18:5-87
	android:name
		ADDED from src\main\AndroidManifest.xml:29:22-84
uses-permission#com.htc.launcher.permission.READ_SETTINGS
ADDED from src\main\AndroidManifest.xml:32:5-81
MERGED from [:shortcutBadger] AndroidManifest.xml:21:5-81
MERGED from [:shortcutBadger] AndroidManifest.xml:21:5-81
	android:name
		ADDED from src\main\AndroidManifest.xml:32:22-78
uses-permission#com.htc.launcher.permission.UPDATE_SHORTCUT
ADDED from src\main\AndroidManifest.xml:33:5-83
MERGED from [:shortcutBadger] AndroidManifest.xml:22:5-83
MERGED from [:shortcutBadger] AndroidManifest.xml:22:5-83
	android:name
		ADDED from src\main\AndroidManifest.xml:33:22-80
uses-permission#com.sonyericsson.home.permission.BROADCAST_BADGE
ADDED from src\main\AndroidManifest.xml:36:5-88
MERGED from [:shortcutBadger] AndroidManifest.xml:25:5-88
MERGED from [:shortcutBadger] AndroidManifest.xml:25:5-88
	android:name
		ADDED from src\main\AndroidManifest.xml:36:22-85
uses-permission#com.sonymobile.home.permission.PROVIDER_INSERT_BADGE
ADDED from src\main\AndroidManifest.xml:37:5-92
MERGED from [:shortcutBadger] AndroidManifest.xml:26:5-92
MERGED from [:shortcutBadger] AndroidManifest.xml:26:5-92
	android:name
		ADDED from src\main\AndroidManifest.xml:37:22-89
uses-permission#com.anddoes.launcher.permission.UPDATE_COUNT
ADDED from src\main\AndroidManifest.xml:40:5-84
MERGED from [:shortcutBadger] AndroidManifest.xml:29:5-84
MERGED from [:shortcutBadger] AndroidManifest.xml:29:5-84
	android:name
		ADDED from src\main\AndroidManifest.xml:40:22-81
uses-permission#com.majeur.launcher.permission.UPDATE_BADGE
ADDED from src\main\AndroidManifest.xml:43:5-83
MERGED from [:shortcutBadger] AndroidManifest.xml:32:5-83
MERGED from [:shortcutBadger] AndroidManifest.xml:32:5-83
	android:name
		ADDED from src\main\AndroidManifest.xml:43:22-80
uses-permission#com.huawei.android.launcher.permission.CHANGE_BADGE
ADDED from src\main\AndroidManifest.xml:46:5-91
MERGED from [:shortcutBadger] AndroidManifest.xml:35:5-91
MERGED from [:shortcutBadger] AndroidManifest.xml:35:5-91
	android:name
		ADDED from src\main\AndroidManifest.xml:46:22-88
uses-permission#com.huawei.android.launcher.permission.READ_SETTINGS
ADDED from src\main\AndroidManifest.xml:47:5-92
MERGED from [:shortcutBadger] AndroidManifest.xml:36:5-92
MERGED from [:shortcutBadger] AndroidManifest.xml:36:5-92
	android:name
		ADDED from src\main\AndroidManifest.xml:47:22-89
uses-permission#com.huawei.android.launcher.permission.WRITE_SETTINGS
ADDED from src\main\AndroidManifest.xml:48:5-93
MERGED from [:shortcutBadger] AndroidManifest.xml:37:5-93
MERGED from [:shortcutBadger] AndroidManifest.xml:37:5-93
	android:name
		ADDED from src\main\AndroidManifest.xml:48:22-90
uses-permission#android.permission.READ_APP_BADGE
ADDED from src\main\AndroidManifest.xml:51:5-73
MERGED from [:shortcutBadger] AndroidManifest.xml:40:5-73
MERGED from [:shortcutBadger] AndroidManifest.xml:40:5-73
	android:name
		ADDED from src\main\AndroidManifest.xml:51:22-70
uses-permission#com.oppo.launcher.permission.READ_SETTINGS
ADDED from src\main\AndroidManifest.xml:54:5-82
MERGED from [:shortcutBadger] AndroidManifest.xml:43:5-82
MERGED from [:shortcutBadger] AndroidManifest.xml:43:5-82
	android:name
		ADDED from src\main\AndroidManifest.xml:54:22-79
uses-permission#com.oppo.launcher.permission.WRITE_SETTINGS
ADDED from src\main\AndroidManifest.xml:55:5-83
MERGED from [:shortcutBadger] AndroidManifest.xml:44:5-83
MERGED from [:shortcutBadger] AndroidManifest.xml:44:5-83
	android:name
		ADDED from src\main\AndroidManifest.xml:55:22-80
uses-sdk
ADDED from src\main\AndroidManifest.xml:58:5-60:41
INJECTED from src\main\AndroidManifest.xml:58:5-60:41
INJECTED from src\main\AndroidManifest.xml:58:5-60:41
MERGED from [com.android.support:appcompat-v7:26.0.0-beta1] AndroidManifest.xml:21:5-23:78
MERGED from [com.android.support:appcompat-v7:26.0.0-beta1] AndroidManifest.xml:21:5-23:78
MERGED from [com.android.support:recyclerview-v7:26.0.0-beta1] AndroidManifest.xml:20:5-44
MERGED from [com.android.support:recyclerview-v7:26.0.0-beta1] AndroidManifest.xml:20:5-44
MERGED from [com.android.support:multidex:1.0.2] AndroidManifest.xml:20:5-43
MERGED from [com.android.support:multidex:1.0.2] AndroidManifest.xml:20:5-43
MERGED from [:alicloud-android-feedback-3.1.1:] AndroidManifest.xml:7:5-9:41
MERGED from [:alicloud-android-feedback-3.1.1:] AndroidManifest.xml:7:5-9:41
MERGED from [:shortcutBadger] AndroidManifest.xml:5:5-7:41
MERGED from [:shortcutBadger] AndroidManifest.xml:5:5-7:41
MERGED from [:alicloud_feedback] AndroidManifest.xml:7:5-9:41
MERGED from [:alicloud_feedback] AndroidManifest.xml:7:5-9:41
MERGED from [:pulltorefresh] AndroidManifest.xml:7:5-9:41
MERGED from [:pulltorefresh] AndroidManifest.xml:7:5-9:41
MERGED from [:common] AndroidManifest.xml:7:5-9:41
MERGED from [:common] AndroidManifest.xml:7:5-9:41
MERGED from [:tengxun_gdt] AndroidManifest.xml:7:5-9:41
MERGED from [:tengxun_gdt] AndroidManifest.xml:7:5-9:41
MERGED from [com.android.support:animated-vector-drawable:26.0.0-beta1] AndroidManifest.xml:20:5-44
MERGED from [com.android.support:animated-vector-drawable:26.0.0-beta1] AndroidManifest.xml:20:5-44
MERGED from [com.android.support:support-vector-drawable:26.0.0-beta1] AndroidManifest.xml:20:5-44
MERGED from [com.android.support:support-vector-drawable:26.0.0-beta1] AndroidManifest.xml:20:5-44
MERGED from [:viewpagerlibrary] AndroidManifest.xml:7:5-9:41
MERGED from [:viewpagerlibrary] AndroidManifest.xml:7:5-9:41
MERGED from [com.android.support:support-v4:26.0.0-beta1] AndroidManifest.xml:21:5-23:54
MERGED from [com.android.support:support-v4:26.0.0-beta1] AndroidManifest.xml:21:5-23:54
MERGED from [com.android.support:support-fragment:26.0.0-beta1] AndroidManifest.xml:21:5-23:60
MERGED from [com.android.support:support-fragment:26.0.0-beta1] AndroidManifest.xml:21:5-23:60
MERGED from [com.android.support:support-core-ui:26.0.0-beta1] AndroidManifest.xml:21:5-23:58
MERGED from [com.android.support:support-core-ui:26.0.0-beta1] AndroidManifest.xml:21:5-23:58
MERGED from [com.android.support:support-media-compat:26.0.0-beta1] AndroidManifest.xml:21:5-23:63
MERGED from [com.android.support:support-media-compat:26.0.0-beta1] AndroidManifest.xml:21:5-23:63
MERGED from [com.android.support:support-core-utils:26.0.0-beta1] AndroidManifest.xml:21:5-23:61
MERGED from [com.android.support:support-core-utils:26.0.0-beta1] AndroidManifest.xml:21:5-23:61
MERGED from [com.android.support:support-compat:26.0.0-beta1] AndroidManifest.xml:21:5-23:58
MERGED from [com.android.support:support-compat:26.0.0-beta1] AndroidManifest.xml:21:5-23:58
MERGED from [:baidu_mtj_sdk] AndroidManifest.xml:7:5-9:41
MERGED from [:baidu_mtj_sdk] AndroidManifest.xml:7:5-9:41
MERGED from [:umeng_sdk] AndroidManifest.xml:7:5-9:41
MERGED from [:umeng_sdk] AndroidManifest.xml:7:5-9:41
MERGED from [:umeng_share] AndroidManifest.xml:7:5-9:41
MERGED from [:umeng_share] AndroidManifest.xml:7:5-9:41
INJECTED from src\main\AndroidManifest.xml:58:5-60:41
INJECTED from src\main\AndroidManifest.xml:58:5-60:41
	tools:overrideLibrary
		ADDED from [com.android.support:appcompat-v7:26.0.0-beta1] AndroidManifest.xml:23:9-75
	android:targetSdkVersion
		ADDED from src\main\AndroidManifest.xml:60:9-38
		INJECTED from src\main\AndroidManifest.xml
		INJECTED from src\main\AndroidManifest.xml
	android:minSdkVersion
		ADDED from src\main\AndroidManifest.xml:59:9-35
		INJECTED from src\main\AndroidManifest.xml
		INJECTED from src\main\AndroidManifest.xml
supports-screens
ADDED from src\main\AndroidManifest.xml:62:5-67:39
	android:largeScreens
		ADDED from src\main\AndroidManifest.xml:64:9-36
	android:smallScreens
		ADDED from src\main\AndroidManifest.xml:67:9-36
	android:normalScreens
		ADDED from src\main\AndroidManifest.xml:65:9-37
	android:resizeable
		ADDED from src\main\AndroidManifest.xml:66:9-34
	android:anyDensity
		ADDED from src\main\AndroidManifest.xml:63:9-34
application
ADDED from src\main\AndroidManifest.xml:69:5-401:19
MERGED from [com.android.support:appcompat-v7:26.0.0-beta1] AndroidManifest.xml:25:5-29:19
MERGED from [com.android.support:appcompat-v7:26.0.0-beta1] AndroidManifest.xml:25:5-29:19
MERGED from [com.android.support:recyclerview-v7:26.0.0-beta1] AndroidManifest.xml:22:5-26:19
MERGED from [com.android.support:recyclerview-v7:26.0.0-beta1] AndroidManifest.xml:22:5-26:19
MERGED from [:alicloud-android-feedback-3.1.1:] AndroidManifest.xml:19:5-45:19
MERGED from [:alicloud-android-feedback-3.1.1:] AndroidManifest.xml:19:5-45:19
MERGED from [:leancloudpush] AndroidManifest.xml:7:5-8:19
MERGED from [:leancloudpush] AndroidManifest.xml:7:5-8:19
MERGED from [:alicloud_feedback] AndroidManifest.xml:11:5-12:19
MERGED from [:alicloud_feedback] AndroidManifest.xml:11:5-12:19
MERGED from [:pulltorefresh] AndroidManifest.xml:11:5-20
MERGED from [:pulltorefresh] AndroidManifest.xml:11:5-20
MERGED from [:tengxun_gdt] AndroidManifest.xml:24:5-32:19
MERGED from [:tengxun_gdt] AndroidManifest.xml:24:5-32:19
MERGED from [com.android.support:animated-vector-drawable:26.0.0-beta1] AndroidManifest.xml:22:5-26:19
MERGED from [com.android.support:animated-vector-drawable:26.0.0-beta1] AndroidManifest.xml:22:5-26:19
MERGED from [com.android.support:support-vector-drawable:26.0.0-beta1] AndroidManifest.xml:22:5-26:19
MERGED from [com.android.support:support-vector-drawable:26.0.0-beta1] AndroidManifest.xml:22:5-26:19
MERGED from [com.android.support:support-v4:26.0.0-beta1] AndroidManifest.xml:25:5-29:19
MERGED from [com.android.support:support-v4:26.0.0-beta1] AndroidManifest.xml:25:5-29:19
MERGED from [com.android.support:support-fragment:26.0.0-beta1] AndroidManifest.xml:25:5-29:19
MERGED from [com.android.support:support-fragment:26.0.0-beta1] AndroidManifest.xml:25:5-29:19
MERGED from [com.android.support:support-core-ui:26.0.0-beta1] AndroidManifest.xml:25:5-29:19
MERGED from [com.android.support:support-core-ui:26.0.0-beta1] AndroidManifest.xml:25:5-29:19
MERGED from [com.android.support:support-media-compat:26.0.0-beta1] AndroidManifest.xml:25:5-29:19
MERGED from [com.android.support:support-media-compat:26.0.0-beta1] AndroidManifest.xml:25:5-29:19
MERGED from [com.android.support:support-core-utils:26.0.0-beta1] AndroidManifest.xml:25:5-29:19
MERGED from [com.android.support:support-core-utils:26.0.0-beta1] AndroidManifest.xml:25:5-29:19
MERGED from [com.android.support:support-compat:26.0.0-beta1] AndroidManifest.xml:25:5-29:19
MERGED from [com.android.support:support-compat:26.0.0-beta1] AndroidManifest.xml:25:5-29:19
	android:label
		ADDED from src\main\AndroidManifest.xml:73:9-41
	android:largeHeap
		ADDED from src\main\AndroidManifest.xml:74:9-33
	android:icon
		ADDED from src\main\AndroidManifest.xml:72:9-45
	android:allowBackup
		ADDED from src\main\AndroidManifest.xml:71:9-35
		REJECTED from [:alicloud-android-feedback-3.1.1:] AndroidManifest.xml:19:18-45
		REJECTED from [:alicloud_feedback] AndroidManifest.xml:11:18-45
	android:theme
		ADDED from src\main\AndroidManifest.xml:75:9-43
	tools:replace
		ADDED from src\main\AndroidManifest.xml:76:9-58
	android:name
		ADDED from src\main\AndroidManifest.xml:70:9-43
meta-data#UMENG_APPKEY
ADDED from src\main\AndroidManifest.xml:79:9-82:21
	android:value
		ADDED from src\main\AndroidManifest.xml:81:13-53
	android:name
		ADDED from src\main\AndroidManifest.xml:80:13-40
meta-data#UMENG_CHANNEL
ADDED from src\main\AndroidManifest.xml:83:9-85:35
	android:value
		ADDED from src\main\AndroidManifest.xml:85:13-32
	android:name
		ADDED from src\main\AndroidManifest.xml:84:13-41
meta-data#BaiduMobAd_STAT_ID
ADDED from src\main\AndroidManifest.xml:87:9-89:42
	android:value
		ADDED from src\main\AndroidManifest.xml:89:13-39
	android:name
		ADDED from src\main\AndroidManifest.xml:88:13-46
meta-data#BaiduMobAd_EXCEPTION_LOG
ADDED from src\main\AndroidManifest.xml:92:9-94:36
	android:value
		ADDED from src\main\AndroidManifest.xml:94:13-33
	android:name
		ADDED from src\main\AndroidManifest.xml:93:13-52
meta-data#CHENGNING_GDT_APPID
ADDED from src\main\AndroidManifest.xml:96:9-98:42
	android:value
		ADDED from src\main\AndroidManifest.xml:98:13-39
	android:name
		ADDED from src\main\AndroidManifest.xml:97:13-47
provider#com.cmstop.jstt.provider.dbProvider
ADDED from src\main\AndroidManifest.xml:100:9-103:20
	android:authorities
		ADDED from src\main\AndroidManifest.xml:102:13-70
	android:name
		ADDED from src\main\AndroidManifest.xml:101:13-63
activity#com.cmstop.jstt.activity.SplashActivity
ADDED from src\main\AndroidManifest.xml:105:9-117:20
	android:screenOrientation
		ADDED from src\main\AndroidManifest.xml:108:13-49
	android:label
		ADDED from src\main\AndroidManifest.xml:107:13-45
	android:theme
		ADDED from src\main\AndroidManifest.xml:109:13-47
	android:name
		ADDED from src\main\AndroidManifest.xml:106:13-67
intent-filter#android.intent.action.MAIN+android.intent.category.BROWSABLE+android.intent.category.DEFAULT+android.intent.category.LAUNCHER
ADDED from src\main\AndroidManifest.xml:110:13-116:29
action#android.intent.action.MAIN
ADDED from src\main\AndroidManifest.xml:111:17-69
	android:name
		ADDED from src\main\AndroidManifest.xml:111:25-66
category#android.intent.category.DEFAULT
ADDED from src\main\AndroidManifest.xml:113:17-76
	android:name
		ADDED from src\main\AndroidManifest.xml:113:27-73
category#android.intent.category.BROWSABLE
ADDED from src\main\AndroidManifest.xml:114:17-78
	android:name
		ADDED from src\main\AndroidManifest.xml:114:27-75
category#android.intent.category.LAUNCHER
ADDED from src\main\AndroidManifest.xml:115:17-77
	android:name
		ADDED from src\main\AndroidManifest.xml:115:27-74
activity#com.cmstop.jstt.activity.HomeSingleActivity
ADDED from src\main\AndroidManifest.xml:119:9-126:20
	android:screenOrientation
		ADDED from src\main\AndroidManifest.xml:124:13-49
	android:label
		ADDED from src\main\AndroidManifest.xml:122:13-45
	android:launchMode
		ADDED from src\main\AndroidManifest.xml:123:13-44
	android:windowSoftInputMode
		ADDED from src\main\AndroidManifest.xml:125:13-52
	android:exported
		ADDED from src\main\AndroidManifest.xml:121:13-36
	android:name
		ADDED from src\main\AndroidManifest.xml:120:13-71
activity#com.cmstop.jstt.activity.SettingActivity
ADDED from src\main\AndroidManifest.xml:127:9-131:20
	android:screenOrientation
		ADDED from src\main\AndroidManifest.xml:130:13-49
	android:label
		ADDED from src\main\AndroidManifest.xml:129:13-45
	android:name
		ADDED from src\main\AndroidManifest.xml:128:13-68
activity#com.cmstop.jstt.activity.ArticleActivity
ADDED from src\main\AndroidManifest.xml:132:9-137:20
	android:screenOrientation
		ADDED from src\main\AndroidManifest.xml:136:13-49
	android:exported
		ADDED from src\main\AndroidManifest.xml:135:13-36
	android:configChanges
		ADDED from src\main\AndroidManifest.xml:134:13-74
	android:name
		ADDED from src\main\AndroidManifest.xml:133:13-68
activity#com.cmstop.jstt.activity.SearchNewsActivity
ADDED from src\main\AndroidManifest.xml:138:9-143:20
	android:screenOrientation
		ADDED from src\main\AndroidManifest.xml:142:13-49
	android:windowSoftInputMode
		ADDED from src\main\AndroidManifest.xml:141:13-52
	android:exported
		ADDED from src\main\AndroidManifest.xml:140:13-36
	android:name
		ADDED from src\main\AndroidManifest.xml:139:13-56
activity#com.cmstop.jstt.activity.VideoDetailActivity
ADDED from src\main\AndroidManifest.xml:144:9-149:20
	android:screenOrientation
		ADDED from src\main\AndroidManifest.xml:148:13-49
	android:exported
		ADDED from src\main\AndroidManifest.xml:147:13-36
	android:configChanges
		ADDED from src\main\AndroidManifest.xml:146:13-74
	android:name
		ADDED from src\main\AndroidManifest.xml:145:13-57
activity#com.cmstop.jstt.activity.VideoActivity
ADDED from src\main\AndroidManifest.xml:150:9-155:20
	android:screenOrientation
		ADDED from src\main\AndroidManifest.xml:154:13-50
	android:process
		ADDED from src\main\AndroidManifest.xml:153:13-44
	android:configChanges
		ADDED from src\main\AndroidManifest.xml:152:13-74
	android:name
		ADDED from src\main\AndroidManifest.xml:151:13-66
activity#com.cmstop.jstt.activity.ArticleCommentActivity
ADDED from src\main\AndroidManifest.xml:156:9-159:20
	android:screenOrientation
		ADDED from src\main\AndroidManifest.xml:158:13-49
	android:name
		ADDED from src\main\AndroidManifest.xml:157:13-75
activity#com.cmstop.jstt.activity.PhotoPageActivity
ADDED from src\main\AndroidManifest.xml:160:9-165:20
	android:screenOrientation
		ADDED from src\main\AndroidManifest.xml:164:13-49
	android:label
		ADDED from src\main\AndroidManifest.xml:163:13-45
	android:exported
		ADDED from src\main\AndroidManifest.xml:162:13-36
	android:name
		ADDED from src\main\AndroidManifest.xml:161:13-70
activity#com.cmstop.jstt.activity.PhotoPageArticleActivity
ADDED from src\main\AndroidManifest.xml:166:9-171:20
	android:screenOrientation
		ADDED from src\main\AndroidManifest.xml:170:13-49
	android:label
		ADDED from src\main\AndroidManifest.xml:169:13-45
	android:exported
		ADDED from src\main\AndroidManifest.xml:168:13-36
	android:name
		ADDED from src\main\AndroidManifest.xml:167:13-77
activity#com.cmstop.jstt.activity.MyFavoriteActivity
ADDED from src\main\AndroidManifest.xml:172:9-176:20
	android:screenOrientation
		ADDED from src\main\AndroidManifest.xml:175:13-49
	android:exported
		ADDED from src\main\AndroidManifest.xml:174:13-36
	android:name
		ADDED from src\main\AndroidManifest.xml:173:13-71
activity#com.cmstop.jstt.activity.MyActivity
ADDED from src\main\AndroidManifest.xml:177:9-181:20
	android:screenOrientation
		ADDED from src\main\AndroidManifest.xml:180:13-49
	android:exported
		ADDED from src\main\AndroidManifest.xml:179:13-36
	android:name
		ADDED from src\main\AndroidManifest.xml:178:13-63
activity#com.cmstop.jstt.activity.AboutActivity
ADDED from src\main\AndroidManifest.xml:182:9-186:20
	android:screenOrientation
		ADDED from src\main\AndroidManifest.xml:185:13-49
	android:exported
		ADDED from src\main\AndroidManifest.xml:184:13-36
	android:name
		ADDED from src\main\AndroidManifest.xml:183:13-66
activity#com.cmstop.jstt.activity.DebugActivity
ADDED from src\main\AndroidManifest.xml:187:9-190:20
	android:screenOrientation
		ADDED from src\main\AndroidManifest.xml:189:13-49
	android:name
		ADDED from src\main\AndroidManifest.xml:188:13-66
activity#com.cmstop.jstt.wxapi.WXEntryActivity
ADDED from src\main\AndroidManifest.xml:191:9-195:20
	android:screenOrientation
		ADDED from src\main\AndroidManifest.xml:194:13-49
	android:exported
		ADDED from src\main\AndroidManifest.xml:193:13-36
	android:name
		ADDED from src\main\AndroidManifest.xml:192:13-65
activity#com.cmstop.jstt.wxapi.WXPayEntryActivity
ADDED from src\main\AndroidManifest.xml:196:9-200:20
	android:launchMode
		ADDED from src\main\AndroidManifest.xml:199:13-43
	android:exported
		ADDED from src\main\AndroidManifest.xml:198:13-36
	android:name
		ADDED from src\main\AndroidManifest.xml:197:13-53
activity#com.cmstop.jstt.activity.AdDetailActivity
ADDED from src\main\AndroidManifest.xml:201:9-206:20
	android:screenOrientation
		ADDED from src\main\AndroidManifest.xml:205:13-49
	android:label
		ADDED from src\main\AndroidManifest.xml:204:13-45
	android:exported
		ADDED from src\main\AndroidManifest.xml:203:13-36
	android:name
		ADDED from src\main\AndroidManifest.xml:202:13-69
activity#com.cmstop.jstt.activity.LoginActivity
ADDED from src\main\AndroidManifest.xml:207:9-210:20
	android:screenOrientation
		ADDED from src\main\AndroidManifest.xml:209:13-49
	android:name
		ADDED from src\main\AndroidManifest.xml:208:13-66
activity#com.cmstop.jstt.activity.RegisterActivity
ADDED from src\main\AndroidManifest.xml:211:9-214:20
	android:screenOrientation
		ADDED from src\main\AndroidManifest.xml:213:13-49
	android:name
		ADDED from src\main\AndroidManifest.xml:212:13-69
activity#com.cmstop.jstt.activity.CompleteInfoActivity
ADDED from src\main\AndroidManifest.xml:215:9-218:20
	android:screenOrientation
		ADDED from src\main\AndroidManifest.xml:217:13-49
	android:name
		ADDED from src\main\AndroidManifest.xml:216:13-73
activity#com.cmstop.jstt.activity.PwdModifyActivity
ADDED from src\main\AndroidManifest.xml:219:9-222:20
	android:screenOrientation
		ADDED from src\main\AndroidManifest.xml:221:13-49
	android:name
		ADDED from src\main\AndroidManifest.xml:220:13-70
activity#com.cmstop.jstt.activity.PhoneVerifyActivity
ADDED from src\main\AndroidManifest.xml:223:9-226:20
	android:screenOrientation
		ADDED from src\main\AndroidManifest.xml:225:13-49
	android:name
		ADDED from src\main\AndroidManifest.xml:224:13-72
activity#com.cmstop.jstt.activity.ModifyPhoneActivity
ADDED from src\main\AndroidManifest.xml:227:9-230:20
	android:screenOrientation
		ADDED from src\main\AndroidManifest.xml:229:13-49
	android:name
		ADDED from src\main\AndroidManifest.xml:228:13-72
activity#com.cmstop.jstt.activity.PwdFindActivity
ADDED from src\main\AndroidManifest.xml:231:9-234:20
	android:screenOrientation
		ADDED from src\main\AndroidManifest.xml:233:13-49
	android:name
		ADDED from src\main\AndroidManifest.xml:232:13-68
activity#com.cmstop.jstt.wxapi.AuthTencentActivity
ADDED from src\main\AndroidManifest.xml:235:9-238:20
	android:screenOrientation
		ADDED from src\main\AndroidManifest.xml:237:13-49
	android:name
		ADDED from src\main\AndroidManifest.xml:236:13-69
activity#com.cmstop.jstt.wxapi.AuthWeiboActivity
ADDED from src\main\AndroidManifest.xml:239:9-242:20
	android:screenOrientation
		ADDED from src\main\AndroidManifest.xml:241:13-49
	android:name
		ADDED from src\main\AndroidManifest.xml:240:13-67
activity#com.cmstop.jstt.activity.RankIntroductionActivity
ADDED from src\main\AndroidManifest.xml:243:9-246:20
	android:screenOrientation
		ADDED from src\main\AndroidManifest.xml:245:13-49